0 info it worked if it ends with ok
1 verbose cli [ '/usr/local/bin/node', '/usr/local/bin/npm', 'publish', '.' ]
2 info using npm@3.9.5
3 info using node@v6.2.2
4 verbose publish [ '.' ]
5 silly cache add args [ '.', null ]
6 verbose cache add spec .
7 silly cache add parsed spec Result {
7 silly cache add   raw: '.',
7 silly cache add   scope: null,
7 silly cache add   name: null,
7 silly cache add   rawSpec: '.',
7 silly cache add   spec: '/Users/urbansanden/projects/linknest-cli',
7 silly cache add   type: 'directory' }
8 verbose addLocalDirectory /Users/urbansanden/.npm/linknest-cli/0.1.0/package.tgz not in flight; packing
9 verbose correctMkdir /Users/urbansanden/.npm correctMkdir not in flight; initializing
10 info lifecycle linknest-cli@0.1.0~prepublish: linknest-cli@0.1.0
11 silly lifecycle linknest-cli@0.1.0~prepublish: no script for prepublish, continuing
12 verbose tar pack [ '/Users/urbansanden/.npm/linknest-cli/0.1.0/package.tgz',
12 verbose tar pack   '/Users/urbansanden/projects/linknest-cli' ]
13 verbose tarball /Users/urbansanden/.npm/linknest-cli/0.1.0/package.tgz
14 verbose folder /Users/urbansanden/projects/linknest-cli
15 verbose addLocalTarball adding from inside cache /Users/urbansanden/.npm/linknest-cli/0.1.0/package.tgz
16 verbose correctMkdir /Users/urbansanden/.npm correctMkdir not in flight; initializing
17 silly cache afterAdd linknest-cli@0.1.0
18 verbose afterAdd /Users/urbansanden/.npm/linknest-cli/0.1.0/package/package.json not in flight; writing
19 verbose correctMkdir /Users/urbansanden/.npm correctMkdir not in flight; initializing
20 verbose afterAdd /Users/urbansanden/.npm/linknest-cli/0.1.0/package/package.json written
21 silly publish { name: 'linknest-cli',
21 silly publish   version: '0.1.0',
21 silly publish   description: 'Get links from https://linknest.cc',
21 silly publish   main: 'index.js',
21 silly publish   keywords: [ 'linknest, bookmarks' ],
21 silly publish   author: { name: 'Urban Sanden', email: 'hej@urre.me' },
21 silly publish   scripts: { start: 'node index.js' },
21 silly publish   license: 'MIT',
21 silly publish   dependencies:
21 silly publish    { carrier: '^0.3.0',
21 silly publish      chalk: '^1.1.3',
21 silly publish      co: '^4.6.0',
21 silly publish      'co-prompt': '^1.0.0',
21 silly publish      commander: '^2.9.0',
21 silly publish      'feed-read': '0.0.1',
21 silly publish      log: '^1.4.0',
21 silly publish      request: '^2.75.0',
21 silly publish      'request-promise': '^4.1.1' },
21 silly publish   devDependencies: { 'cli-clear': '^1.0.4' },
21 silly publish   engines: { node: '>=0.10' },
21 silly publish   bin: { linknest: 'index.js' },
21 silly publish   readme: '# Linknest cli\n\nGet collection links in your terminal\n\n![](https://cloud.githubusercontent.com/assets/307676/19015891/64e7bc2e-880d-11e6-9b11-081dfe5f2555.png)\n\n### Install\n\n```bash\nnpm i -g linknest-cli\n```\n\n### Use\n\n```bash\nlinknest-cli\n```\n\nType user/collection to get all links in collection\n',
21 silly publish   readmeFilename: 'readme.md',
21 silly publish   gitHead: 'fb8fc52c457a2580b63f8bd1393b641ad3067fdc',
21 silly publish   _id: 'linknest-cli@0.1.0',
21 silly publish   _shasum: 'bbdfb58cb27b7e6570af9befc8ff78d34ca75c9f',
21 silly publish   _from: '.' }
22 verbose getPublishConfig undefined
23 silly mapToRegistry name linknest-cli
24 silly mapToRegistry using default registry
25 silly mapToRegistry registry https://registry.npmjs.org/
26 silly mapToRegistry data Result {
26 silly mapToRegistry   raw: 'linknest-cli',
26 silly mapToRegistry   scope: null,
26 silly mapToRegistry   name: 'linknest-cli',
26 silly mapToRegistry   rawSpec: '',
26 silly mapToRegistry   spec: 'latest',
26 silly mapToRegistry   type: 'tag' }
27 silly mapToRegistry uri https://registry.npmjs.org/linknest-cli
28 verbose publish registryBase https://registry.npmjs.org/
29 silly publish uploading /Users/urbansanden/.npm/linknest-cli/0.1.0/package.tgz
30 verbose request uri https://registry.npmjs.org/linknest-cli
31 verbose request sending authorization for write operation
32 info attempt registry request try #1 at 15:15:24
33 verbose request using bearer token for auth
34 verbose request id 94911cc4064ad006
35 http request PUT https://registry.npmjs.org/linknest-cli
36 http 403 https://registry.npmjs.org/linknest-cli
37 verbose headers { 'content-type': 'application/json',
37 verbose headers   'cache-control': 'max-age=300',
37 verbose headers   'content-length': '95',
37 verbose headers   'accept-ranges': 'bytes',
37 verbose headers   date: 'Sun, 02 Oct 2016 13:15:25 GMT',
37 verbose headers   via: '1.1 varnish',
37 verbose headers   connection: 'keep-alive',
37 verbose headers   'x-served-by': 'cache-bma7030-BMA',
37 verbose headers   'x-cache': 'MISS',
37 verbose headers   'x-cache-hits': '0',
37 verbose headers   'x-timer': 'S1475414124.440313,VS0,VE914',
37 verbose headers   vary: 'Accept-Encoding' }
38 verbose request invalidating /Users/urbansanden/.npm/registry.npmjs.org/linknest-cli on PUT
39 error publish Failed PUT 403
40 verbose stack Error: "You cannot publish over the previously published version 0.1.0." : linknest-cli
40 verbose stack     at makeError (/usr/local/lib/node_modules/npm/node_modules/npm-registry-client/lib/request.js:264:12)
40 verbose stack     at CachingRegistryClient.<anonymous> (/usr/local/lib/node_modules/npm/node_modules/npm-registry-client/lib/request.js:252:14)
40 verbose stack     at Request._callback (/usr/local/lib/node_modules/npm/node_modules/npm-registry-client/lib/request.js:172:14)
40 verbose stack     at Request.self.callback (/usr/local/lib/node_modules/npm/node_modules/request/request.js:200:22)
40 verbose stack     at emitTwo (events.js:106:13)
40 verbose stack     at Request.emit (events.js:191:7)
40 verbose stack     at Request.<anonymous> (/usr/local/lib/node_modules/npm/node_modules/request/request.js:1067:10)
40 verbose stack     at emitOne (events.js:101:20)
40 verbose stack     at Request.emit (events.js:188:7)
40 verbose stack     at IncomingMessage.<anonymous> (/usr/local/lib/node_modules/npm/node_modules/request/request.js:988:12)
41 verbose statusCode 403
42 verbose pkgid linknest-cli
43 verbose cwd /Users/urbansanden/projects/linknest-cli
44 error Darwin 15.6.0
45 error argv "/usr/local/bin/node" "/usr/local/bin/npm" "publish" "."
46 error node v6.2.2
47 error npm  v3.9.5
48 error code E403
49 error "You cannot publish over the previously published version 0.1.0." : linknest-cli
50 error If you need help, you may report this error at:
50 error     <https://github.com/npm/npm/issues>
51 verbose exit [ 1, true ]
